<?xml version="1.0" encoding="UTF-8"?>
<!-- Generated by org.testng.reporters.JUnitReportReporter -->
<testsuite skipped="0" hostname="ajitbiswas-laptop" name="scripts.TestValidLogin" tests="1" failures="0" timestamp="22 Jan 2018 04:18:10 GMT" time="12.091" errors="0">
  <testcase name="testValidLogin" time="12.091" classname="scripts.TestValidLogin"/>
</testsuite> <!-- scripts.TestValidLogin -->
